{"/home/ncarignan/cf/401/lab-assignments/07-http-server/lab-nicholasc/lib/logger.js": {"path":"/home/ncarignan/cf/401/lab-assignments/07-http-server/lab-nicholasc/lib/logger.js","statementMap":{"0":{"start":{"line":3,"column":16},"end":{"line":3,"column":34}},"1":{"start":{"line":4,"column":22},"end":{"line":4,"column":76}},"2":{"start":{"line":6,"column":13},"end":{"line":14,"column":2}},"3":{"start":{"line":16,"column":0},"end":{"line":16,"column":24}}},"fnMap":{},"branchMap":{},"s":{"0":1,"1":1,"2":1,"3":1},"f":{},"b":{},"_coverageSchema":"332fd63041d2c1bcb487cc26dd0d5f7d97098a6c","hash":"c01c7faf38048d1337bae6202a940905b39f4bdd"}
,"/home/ncarignan/cf/401/lab-assignments/07-http-server/lab-nicholasc/lib/request-parser.js": {"path":"/home/ncarignan/cf/401/lab-assignments/07-http-server/lab-nicholasc/lib/request-parser.js","statementMap":{"0":{"start":{"line":3,"column":18},"end":{"line":3,"column":32}},"1":{"start":{"line":4,"column":15},"end":{"line":4,"column":34}},"2":{"start":{"line":5,"column":26},"end":{"line":5,"column":48}},"3":{"start":{"line":10,"column":22},"end":{"line":10,"column":41}},"4":{"start":{"line":12,"column":0},"end":{"line":43,"column":2}},"5":{"start":{"line":13,"column":2},"end":{"line":42,"column":5}},"6":{"start":{"line":15,"column":4},"end":{"line":15,"column":73}},"7":{"start":{"line":16,"column":4},"end":{"line":16,"column":47}},"8":{"start":{"line":17,"column":4},"end":{"line":17,"column":67}},"9":{"start":{"line":18,"column":4},"end":{"line":18,"column":71}},"10":{"start":{"line":20,"column":4},"end":{"line":21,"column":30}},"11":{"start":{"line":21,"column":6},"end":{"line":21,"column":30}},"12":{"start":{"line":24,"column":19},"end":{"line":24,"column":21}},"13":{"start":{"line":25,"column":4},"end":{"line":27,"column":7}},"14":{"start":{"line":26,"column":6},"end":{"line":26,"column":36}},"15":{"start":{"line":28,"column":4},"end":{"line":41,"column":7}},"16":{"start":{"line":29,"column":6},"end":{"line":40,"column":7}},"17":{"start":{"line":32,"column":8},"end":{"line":37,"column":9}},"18":{"start":{"line":33,"column":10},"end":{"line":33,"column":46}},"19":{"start":{"line":34,"column":10},"end":{"line":34,"column":34}},"20":{"start":{"line":36,"column":10},"end":{"line":36,"column":33}},"21":{"start":{"line":39,"column":8},"end":{"line":39,"column":29}}},"fnMap":{"0":{"name":"(anonymous_0)","decl":{"start":{"line":12,"column":22},"end":{"line":12,"column":23}},"loc":{"start":{"line":12,"column":34},"end":{"line":43,"column":1}},"line":12},"1":{"name":"(anonymous_1)","decl":{"start":{"line":13,"column":21},"end":{"line":13,"column":22}},"loc":{"start":{"line":13,"column":42},"end":{"line":42,"column":3}},"line":13},"2":{"name":"(anonymous_2)","decl":{"start":{"line":25,"column":23},"end":{"line":25,"column":24}},"loc":{"start":{"line":25,"column":35},"end":{"line":27,"column":5}},"line":25},"3":{"name":"(anonymous_3)","decl":{"start":{"line":28,"column":22},"end":{"line":28,"column":23}},"loc":{"start":{"line":28,"column":28},"end":{"line":41,"column":5}},"line":28}},"branchMap":{"0":{"loc":{"start":{"line":20,"column":4},"end":{"line":21,"column":30}},"type":"if","locations":[{"start":{"line":20,"column":4},"end":{"line":21,"column":30}},{"start":{"line":20,"column":4},"end":{"line":21,"column":30}}],"line":20},"1":{"loc":{"start":{"line":20,"column":7},"end":{"line":20,"column":60}},"type":"binary-expr","locations":[{"start":{"line":20,"column":7},"end":{"line":20,"column":32}},{"start":{"line":20,"column":36},"end":{"line":20,"column":60}}],"line":20},"2":{"loc":{"start":{"line":32,"column":8},"end":{"line":37,"column":9}},"type":"if","locations":[{"start":{"line":32,"column":8},"end":{"line":37,"column":9}},{"start":{"line":32,"column":8},"end":{"line":37,"column":9}}],"line":32}},"s":{"0":1,"1":1,"2":1,"3":1,"4":1,"5":0,"6":0,"7":0,"8":0,"9":0,"10":0,"11":0,"12":0,"13":0,"14":0,"15":0,"16":0,"17":0,"18":0,"19":0,"20":0,"21":0},"f":{"0":0,"1":0,"2":0,"3":0},"b":{"0":[0,0],"1":[0,0],"2":[0,0]},"_coverageSchema":"332fd63041d2c1bcb487cc26dd0d5f7d97098a6c","hash":"d13dba0aeedc3bc1151e1b4fd003e564742c333f"}
,"/home/ncarignan/cf/401/lab-assignments/07-http-server/lab-nicholasc/lib/router.js": {"path":"/home/ncarignan/cf/401/lab-assignments/07-http-server/lab-nicholasc/lib/router.js","statementMap":{"0":{"start":{"line":3,"column":22},"end":{"line":3,"column":49}},"1":{"start":{"line":4,"column":15},"end":{"line":4,"column":34}},"2":{"start":{"line":6,"column":20},"end":{"line":11,"column":1}},"3":{"start":{"line":13,"column":15},"end":{"line":13,"column":34}},"4":{"start":{"line":15,"column":24},"end":{"line":19,"column":1}},"5":{"start":{"line":16,"column":2},"end":{"line":16,"column":65}},"6":{"start":{"line":17,"column":2},"end":{"line":17,"column":26}},"7":{"start":{"line":18,"column":2},"end":{"line":18,"column":42}},"8":{"start":{"line":22,"column":0},"end":{"line":25,"column":2}},"9":{"start":{"line":23,"column":2},"end":{"line":23,"column":42}},"10":{"start":{"line":24,"column":2},"end":{"line":24,"column":36}},"11":{"start":{"line":26,"column":0},"end":{"line":29,"column":2}},"12":{"start":{"line":27,"column":2},"end":{"line":27,"column":45}},"13":{"start":{"line":28,"column":2},"end":{"line":28,"column":39}},"14":{"start":{"line":30,"column":0},"end":{"line":33,"column":2}},"15":{"start":{"line":31,"column":2},"end":{"line":31,"column":42}},"16":{"start":{"line":32,"column":2},"end":{"line":32,"column":36}},"17":{"start":{"line":34,"column":0},"end":{"line":37,"column":2}},"18":{"start":{"line":35,"column":2},"end":{"line":35,"column":43}},"19":{"start":{"line":36,"column":2},"end":{"line":36,"column":37}},"20":{"start":{"line":39,"column":0},"end":{"line":66,"column":2}},"21":{"start":{"line":40,"column":2},"end":{"line":40,"column":42}},"22":{"start":{"line":41,"column":2},"end":{"line":41,"column":46}},"23":{"start":{"line":43,"column":2},"end":{"line":65,"column":7}},"24":{"start":{"line":46,"column":25},"end":{"line":46,"column":76}},"25":{"start":{"line":47,"column":6},"end":{"line":47,"column":56}},"26":{"start":{"line":48,"column":6},"end":{"line":48,"column":50}},"27":{"start":{"line":50,"column":6},"end":{"line":56,"column":7}},"28":{"start":{"line":51,"column":8},"end":{"line":51,"column":47}},"29":{"start":{"line":53,"column":8},"end":{"line":53,"column":32}},"30":{"start":{"line":54,"column":8},"end":{"line":54,"column":23}},"31":{"start":{"line":55,"column":8},"end":{"line":55,"column":15}},"32":{"start":{"line":59,"column":6},"end":{"line":59,"column":44}},"33":{"start":{"line":60,"column":6},"end":{"line":60,"column":32}},"34":{"start":{"line":62,"column":6},"end":{"line":62,"column":30}},"35":{"start":{"line":63,"column":6},"end":{"line":63,"column":21}},"36":{"start":{"line":64,"column":6},"end":{"line":64,"column":13}}},"fnMap":{"0":{"name":"(anonymous_0)","decl":{"start":{"line":15,"column":24},"end":{"line":15,"column":25}},"loc":{"start":{"line":15,"column":53},"end":{"line":19,"column":1}},"line":15},"1":{"name":"(anonymous_1)","decl":{"start":{"line":22,"column":13},"end":{"line":22,"column":14}},"loc":{"start":{"line":22,"column":32},"end":{"line":25,"column":1}},"line":22},"2":{"name":"(anonymous_2)","decl":{"start":{"line":26,"column":16},"end":{"line":26,"column":17}},"loc":{"start":{"line":26,"column":35},"end":{"line":29,"column":1}},"line":26},"3":{"name":"(anonymous_3)","decl":{"start":{"line":30,"column":13},"end":{"line":30,"column":14}},"loc":{"start":{"line":30,"column":32},"end":{"line":33,"column":1}},"line":30},"4":{"name":"(anonymous_4)","decl":{"start":{"line":34,"column":14},"end":{"line":34,"column":15}},"loc":{"start":{"line":34,"column":33},"end":{"line":37,"column":1}},"line":34},"5":{"name":"(anonymous_5)","decl":{"start":{"line":39,"column":15},"end":{"line":39,"column":16}},"loc":{"start":{"line":39,"column":38},"end":{"line":66,"column":1}},"line":39},"6":{"name":"(anonymous_6)","decl":{"start":{"line":44,"column":10},"end":{"line":44,"column":11}},"loc":{"start":{"line":44,"column":20},"end":{"line":57,"column":5}},"line":44},"7":{"name":"(anonymous_7)","decl":{"start":{"line":58,"column":11},"end":{"line":58,"column":12}},"loc":{"start":{"line":58,"column":20},"end":{"line":65,"column":5}},"line":58}},"branchMap":{"0":{"loc":{"start":{"line":50,"column":6},"end":{"line":56,"column":7}},"type":"if","locations":[{"start":{"line":50,"column":6},"end":{"line":56,"column":7}},{"start":{"line":50,"column":6},"end":{"line":56,"column":7}}],"line":50}},"s":{"0":1,"1":1,"2":1,"3":1,"4":1,"5":1,"6":1,"7":1,"8":1,"9":0,"10":0,"11":1,"12":0,"13":0,"14":1,"15":0,"16":0,"17":1,"18":1,"19":1,"20":1,"21":0,"22":0,"23":0,"24":0,"25":0,"26":0,"27":0,"28":0,"29":0,"30":0,"31":0,"32":0,"33":0,"34":0,"35":0,"36":0},"f":{"0":1,"1":0,"2":0,"3":0,"4":1,"5":0,"6":0,"7":0},"b":{"0":[0,0]},"_coverageSchema":"332fd63041d2c1bcb487cc26dd0d5f7d97098a6c","hash":"e525904d3334092896ab18f11c31617cbc0f8fb3"}
,"/home/ncarignan/cf/401/lab-assignments/07-http-server/lab-nicholasc/lib/server.js": {"path":"/home/ncarignan/cf/401/lab-assignments/07-http-server/lab-nicholasc/lib/server.js","statementMap":{"0":{"start":{"line":3,"column":13},"end":{"line":3,"column":28}},"1":{"start":{"line":4,"column":15},"end":{"line":4,"column":34}},"2":{"start":{"line":5,"column":15},"end":{"line":5,"column":34}},"3":{"start":{"line":7,"column":22},"end":{"line":7,"column":49}},"4":{"start":{"line":8,"column":15},"end":{"line":8,"column":32}},"5":{"start":{"line":10,"column":0},"end":{"line":10,"column":24}},"6":{"start":{"line":12,"column":0},"end":{"line":12,"column":32}},"7":{"start":{"line":94,"column":12},"end":{"line":94,"column":43}},"8":{"start":{"line":96,"column":17},"end":{"line":96,"column":22}},"9":{"start":{"line":98,"column":15},"end":{"line":98,"column":34}},"10":{"start":{"line":100,"column":0},"end":{"line":120,"column":2}},"11":{"start":{"line":101,"column":2},"end":{"line":119,"column":5}},"12":{"start":{"line":102,"column":4},"end":{"line":105,"column":5}},"13":{"start":{"line":103,"column":6},"end":{"line":103,"column":72}},"14":{"start":{"line":104,"column":6},"end":{"line":104,"column":77}},"15":{"start":{"line":106,"column":4},"end":{"line":109,"column":5}},"16":{"start":{"line":107,"column":6},"end":{"line":107,"column":79}},"17":{"start":{"line":108,"column":6},"end":{"line":108,"column":83}},"18":{"start":{"line":110,"column":4},"end":{"line":118,"column":7}},"19":{"start":{"line":111,"column":6},"end":{"line":112,"column":29}},"20":{"start":{"line":112,"column":8},"end":{"line":112,"column":29}},"21":{"start":{"line":113,"column":6},"end":{"line":113,"column":24}},"22":{"start":{"line":114,"column":6},"end":{"line":114,"column":73}},"23":{"start":{"line":115,"column":6},"end":{"line":115,"column":74}},"24":{"start":{"line":116,"column":6},"end":{"line":116,"column":23}},"25":{"start":{"line":122,"column":0},"end":{"line":139,"column":2}},"26":{"start":{"line":123,"column":2},"end":{"line":138,"column":5}},"27":{"start":{"line":124,"column":4},"end":{"line":127,"column":5}},"28":{"start":{"line":125,"column":6},"end":{"line":125,"column":68}},"29":{"start":{"line":126,"column":6},"end":{"line":126,"column":73}},"30":{"start":{"line":128,"column":4},"end":{"line":137,"column":7}},"31":{"start":{"line":129,"column":6},"end":{"line":133,"column":7}},"32":{"start":{"line":130,"column":8},"end":{"line":130,"column":73}},"33":{"start":{"line":131,"column":8},"end":{"line":131,"column":35}},"34":{"start":{"line":132,"column":8},"end":{"line":132,"column":29}},"35":{"start":{"line":134,"column":6},"end":{"line":134,"column":25}},"36":{"start":{"line":135,"column":6},"end":{"line":135,"column":23}}},"fnMap":{"0":{"name":"(anonymous_0)","decl":{"start":{"line":100,"column":15},"end":{"line":100,"column":16}},"loc":{"start":{"line":100,"column":21},"end":{"line":120,"column":1}},"line":100},"1":{"name":"(anonymous_1)","decl":{"start":{"line":101,"column":21},"end":{"line":101,"column":22}},"loc":{"start":{"line":101,"column":41},"end":{"line":119,"column":3}},"line":101},"2":{"name":"(anonymous_2)","decl":{"start":{"line":110,"column":33},"end":{"line":110,"column":34}},"loc":{"start":{"line":110,"column":42},"end":{"line":118,"column":5}},"line":110},"3":{"name":"(anonymous_3)","decl":{"start":{"line":122,"column":14},"end":{"line":122,"column":15}},"loc":{"start":{"line":122,"column":20},"end":{"line":139,"column":1}},"line":122},"4":{"name":"(anonymous_4)","decl":{"start":{"line":123,"column":21},"end":{"line":123,"column":22}},"loc":{"start":{"line":123,"column":41},"end":{"line":138,"column":3}},"line":123},"5":{"name":"(anonymous_5)","decl":{"start":{"line":128,"column":14},"end":{"line":128,"column":15}},"loc":{"start":{"line":128,"column":23},"end":{"line":137,"column":5}},"line":128}},"branchMap":{"0":{"loc":{"start":{"line":102,"column":4},"end":{"line":105,"column":5}},"type":"if","locations":[{"start":{"line":102,"column":4},"end":{"line":105,"column":5}},{"start":{"line":102,"column":4},"end":{"line":105,"column":5}}],"line":102},"1":{"loc":{"start":{"line":106,"column":4},"end":{"line":109,"column":5}},"type":"if","locations":[{"start":{"line":106,"column":4},"end":{"line":109,"column":5}},{"start":{"line":106,"column":4},"end":{"line":109,"column":5}}],"line":106},"2":{"loc":{"start":{"line":111,"column":6},"end":{"line":112,"column":29}},"type":"if","locations":[{"start":{"line":111,"column":6},"end":{"line":112,"column":29}},{"start":{"line":111,"column":6},"end":{"line":112,"column":29}}],"line":111},"3":{"loc":{"start":{"line":124,"column":4},"end":{"line":127,"column":5}},"type":"if","locations":[{"start":{"line":124,"column":4},"end":{"line":127,"column":5}},{"start":{"line":124,"column":4},"end":{"line":127,"column":5}}],"line":124},"4":{"loc":{"start":{"line":129,"column":6},"end":{"line":133,"column":7}},"type":"if","locations":[{"start":{"line":129,"column":6},"end":{"line":133,"column":7}},{"start":{"line":129,"column":6},"end":{"line":133,"column":7}}],"line":129}},"s":{"0":1,"1":1,"2":1,"3":1,"4":1,"5":1,"6":1,"7":1,"8":1,"9":1,"10":1,"11":1,"12":1,"13":0,"14":0,"15":1,"16":0,"17":0,"18":1,"19":0,"20":0,"21":0,"22":0,"23":0,"24":0,"25":1,"26":1,"27":1,"28":1,"29":1,"30":0,"31":0,"32":0,"33":0,"34":0,"35":0,"36":0},"f":{"0":1,"1":1,"2":0,"3":1,"4":1,"5":0},"b":{"0":[0,1],"1":[0,1],"2":[0,0],"3":[1,0],"4":[0,0]},"_coverageSchema":"332fd63041d2c1bcb487cc26dd0d5f7d97098a6c","hash":"f69716b488959cdb2f939d4fc49e8dd9b4a0c63e"}
,"/home/ncarignan/cf/401/lab-assignments/07-http-server/lab-nicholasc/model/note.js": {"path":"/home/ncarignan/cf/401/lab-assignments/07-http-server/lab-nicholasc/model/note.js","statementMap":{"0":{"start":{"line":3,"column":13},"end":{"line":3,"column":32}},"1":{"start":{"line":7,"column":4},"end":{"line":7,"column":21}},"2":{"start":{"line":8,"column":4},"end":{"line":8,"column":32}},"3":{"start":{"line":10,"column":4},"end":{"line":10,"column":23}},"4":{"start":{"line":11,"column":4},"end":{"line":11,"column":27}},"5":{"start":{"line":15,"column":0},"end":{"line":15,"column":22}}},"fnMap":{"0":{"name":"(anonymous_0)","decl":{"start":{"line":6,"column":2},"end":{"line":6,"column":3}},"loc":{"start":{"line":6,"column":29},"end":{"line":12,"column":3}},"line":6}},"branchMap":{},"s":{"0":1,"1":0,"2":0,"3":0,"4":0,"5":1},"f":{"0":0},"b":{},"_coverageSchema":"332fd63041d2c1bcb487cc26dd0d5f7d97098a6c","hash":"e06ccf2404f3cb5a6b57d74b2bc68424811cb57f"}
,"/home/ncarignan/cf/401/lab-assignments/07-http-server/lab-nicholasc/route/note-router.js": {"path":"/home/ncarignan/cf/401/lab-assignments/07-http-server/lab-nicholasc/route/note-router.js","statementMap":{"0":{"start":{"line":3,"column":13},"end":{"line":3,"column":37}},"1":{"start":{"line":4,"column":15},"end":{"line":4,"column":39}},"2":{"start":{"line":5,"column":15},"end":{"line":5,"column":39}},"3":{"start":{"line":7,"column":12},"end":{"line":7,"column":14}},"4":{"start":{"line":9,"column":17},"end":{"line":14,"column":1}},"5":{"start":{"line":10,"column":2},"end":{"line":10,"column":85}},"6":{"start":{"line":12,"column":2},"end":{"line":12,"column":29}},"7":{"start":{"line":13,"column":2},"end":{"line":13,"column":17}},"8":{"start":{"line":16,"column":15},"end":{"line":25,"column":1}},"9":{"start":{"line":17,"column":2},"end":{"line":17,"column":90}},"10":{"start":{"line":18,"column":2},"end":{"line":18,"column":31}},"11":{"start":{"line":19,"column":2},"end":{"line":21,"column":5}},"12":{"start":{"line":22,"column":2},"end":{"line":22,"column":43}},"13":{"start":{"line":23,"column":2},"end":{"line":23,"column":17}},"14":{"start":{"line":24,"column":2},"end":{"line":24,"column":9}},"15":{"start":{"line":27,"column":0},"end":{"line":45,"column":3}},"16":{"start":{"line":29,"column":2},"end":{"line":32,"column":3}},"17":{"start":{"line":30,"column":4},"end":{"line":30,"column":48}},"18":{"start":{"line":31,"column":4},"end":{"line":31,"column":11}},"19":{"start":{"line":33,"column":2},"end":{"line":36,"column":3}},"20":{"start":{"line":34,"column":4},"end":{"line":34,"column":49}},"21":{"start":{"line":35,"column":4},"end":{"line":35,"column":11}},"22":{"start":{"line":37,"column":2},"end":{"line":40,"column":3}},"23":{"start":{"line":38,"column":4},"end":{"line":38,"column":51}},"24":{"start":{"line":39,"column":4},"end":{"line":39,"column":11}},"25":{"start":{"line":42,"column":13},"end":{"line":42,"column":62}},"26":{"start":{"line":43,"column":2},"end":{"line":43,"column":19}},"27":{"start":{"line":44,"column":2},"end":{"line":44,"column":33}}},"fnMap":{"0":{"name":"(anonymous_0)","decl":{"start":{"line":9,"column":17},"end":{"line":9,"column":18}},"loc":{"start":{"line":9,"column":46},"end":{"line":14,"column":1}},"line":9},"1":{"name":"(anonymous_1)","decl":{"start":{"line":16,"column":15},"end":{"line":16,"column":16}},"loc":{"start":{"line":16,"column":47},"end":{"line":25,"column":1}},"line":16},"2":{"name":"(anonymous_2)","decl":{"start":{"line":27,"column":26},"end":{"line":27,"column":27}},"loc":{"start":{"line":27,"column":49},"end":{"line":45,"column":1}},"line":27}},"branchMap":{"0":{"loc":{"start":{"line":29,"column":2},"end":{"line":32,"column":3}},"type":"if","locations":[{"start":{"line":29,"column":2},"end":{"line":32,"column":3}},{"start":{"line":29,"column":2},"end":{"line":32,"column":3}}],"line":29},"1":{"loc":{"start":{"line":33,"column":2},"end":{"line":36,"column":3}},"type":"if","locations":[{"start":{"line":33,"column":2},"end":{"line":36,"column":3}},{"start":{"line":33,"column":2},"end":{"line":36,"column":3}}],"line":33},"2":{"loc":{"start":{"line":37,"column":2},"end":{"line":40,"column":3}},"type":"if","locations":[{"start":{"line":37,"column":2},"end":{"line":40,"column":3}},{"start":{"line":37,"column":2},"end":{"line":40,"column":3}}],"line":37}},"s":{"0":1,"1":1,"2":1,"3":1,"4":1,"5":0,"6":0,"7":0,"8":1,"9":0,"10":0,"11":0,"12":0,"13":0,"14":0,"15":1,"16":0,"17":0,"18":0,"19":0,"20":0,"21":0,"22":0,"23":0,"24":0,"25":0,"26":0,"27":0},"f":{"0":0,"1":0,"2":0},"b":{"0":[0,0],"1":[0,0],"2":[0,0]},"_coverageSchema":"332fd63041d2c1bcb487cc26dd0d5f7d97098a6c","hash":"9cc22bd9e835288af5393cd2760b3c2968bee4c9"}
}
