{"/home/ncarignan/cf/401/lab-assignments/07-http-server/lab-nicholasc/lib/request-parser.js": {"path":"/home/ncarignan/cf/401/lab-assignments/07-http-server/lab-nicholasc/lib/request-parser.js","statementMap":{"0":{"start":{"line":3,"column":18},"end":{"line":3,"column":32}},"1":{"start":{"line":4,"column":26},"end":{"line":4,"column":48}},"2":{"start":{"line":8,"column":16},"end":{"line":8,"column":34}},"3":{"start":{"line":9,"column":22},"end":{"line":9,"column":76}},"4":{"start":{"line":11,"column":13},"end":{"line":19,"column":2}},"5":{"start":{"line":21,"column":22},"end":{"line":21,"column":41}},"6":{"start":{"line":23,"column":0},"end":{"line":49,"column":2}},"7":{"start":{"line":24,"column":2},"end":{"line":48,"column":5}},"8":{"start":{"line":26,"column":4},"end":{"line":26,"column":73}},"9":{"start":{"line":27,"column":4},"end":{"line":27,"column":47}},"10":{"start":{"line":28,"column":4},"end":{"line":28,"column":67}},"11":{"start":{"line":29,"column":4},"end":{"line":29,"column":71}},"12":{"start":{"line":31,"column":4},"end":{"line":32,"column":30}},"13":{"start":{"line":32,"column":6},"end":{"line":32,"column":30}},"14":{"start":{"line":35,"column":19},"end":{"line":35,"column":21}},"15":{"start":{"line":36,"column":4},"end":{"line":38,"column":7}},"16":{"start":{"line":37,"column":6},"end":{"line":37,"column":36}},"17":{"start":{"line":39,"column":4},"end":{"line":47,"column":7}},"18":{"start":{"line":40,"column":6},"end":{"line":46,"column":7}},"19":{"start":{"line":42,"column":8},"end":{"line":42,"column":44}},"20":{"start":{"line":43,"column":8},"end":{"line":43,"column":32}},"21":{"start":{"line":45,"column":8},"end":{"line":45,"column":29}}},"fnMap":{"0":{"name":"(anonymous_0)","decl":{"start":{"line":23,"column":22},"end":{"line":23,"column":23}},"loc":{"start":{"line":23,"column":34},"end":{"line":49,"column":1}},"line":23},"1":{"name":"(anonymous_1)","decl":{"start":{"line":24,"column":21},"end":{"line":24,"column":22}},"loc":{"start":{"line":24,"column":42},"end":{"line":48,"column":3}},"line":24},"2":{"name":"(anonymous_2)","decl":{"start":{"line":36,"column":23},"end":{"line":36,"column":24}},"loc":{"start":{"line":36,"column":35},"end":{"line":38,"column":5}},"line":36},"3":{"name":"(anonymous_3)","decl":{"start":{"line":39,"column":22},"end":{"line":39,"column":23}},"loc":{"start":{"line":39,"column":28},"end":{"line":47,"column":5}},"line":39}},"branchMap":{"0":{"loc":{"start":{"line":31,"column":4},"end":{"line":32,"column":30}},"type":"if","locations":[{"start":{"line":31,"column":4},"end":{"line":32,"column":30}},{"start":{"line":31,"column":4},"end":{"line":32,"column":30}}],"line":31},"1":{"loc":{"start":{"line":31,"column":7},"end":{"line":31,"column":60}},"type":"binary-expr","locations":[{"start":{"line":31,"column":7},"end":{"line":31,"column":32}},{"start":{"line":31,"column":36},"end":{"line":31,"column":60}}],"line":31}},"s":{"0":1,"1":1,"2":1,"3":1,"4":1,"5":1,"6":1,"7":0,"8":0,"9":0,"10":0,"11":0,"12":0,"13":0,"14":0,"15":0,"16":0,"17":0,"18":0,"19":0,"20":0,"21":0},"f":{"0":0,"1":0,"2":0,"3":0},"b":{"0":[0,0],"1":[0,0]},"_coverageSchema":"332fd63041d2c1bcb487cc26dd0d5f7d97098a6c","hash":"bcca2660699dd948951329c0ffbe4a59a1db2a3f"}
,"/home/ncarignan/cf/401/lab-assignments/07-http-server/lab-nicholasc/lib/server.js": {"path":"/home/ncarignan/cf/401/lab-assignments/07-http-server/lab-nicholasc/lib/server.js","statementMap":{"0":{"start":{"line":3,"column":13},"end":{"line":3,"column":28}},"1":{"start":{"line":4,"column":16},"end":{"line":4,"column":34}},"2":{"start":{"line":5,"column":22},"end":{"line":5,"column":49}},"3":{"start":{"line":6,"column":14},"end":{"line":6,"column":30}},"4":{"start":{"line":7,"column":22},"end":{"line":7,"column":76}},"5":{"start":{"line":10,"column":15},"end":{"line":17,"column":2}},"6":{"start":{"line":19,"column":12},"end":{"line":59,"column":2}},"7":{"start":{"line":20,"column":2},"end":{"line":20,"column":43}},"8":{"start":{"line":21,"column":2},"end":{"line":21,"column":50}},"9":{"start":{"line":22,"column":2},"end":{"line":22,"column":44}},"10":{"start":{"line":23,"column":2},"end":{"line":23,"column":68}},"11":{"start":{"line":25,"column":2},"end":{"line":58,"column":7}},"12":{"start":{"line":28,"column":6},"end":{"line":45,"column":7}},"13":{"start":{"line":29,"column":8},"end":{"line":29,"column":64}},"14":{"start":{"line":30,"column":8},"end":{"line":36,"column":20}},"15":{"start":{"line":37,"column":8},"end":{"line":37,"column":64}},"16":{"start":{"line":38,"column":8},"end":{"line":38,"column":23}},"17":{"start":{"line":39,"column":8},"end":{"line":39,"column":15}},"18":{"start":{"line":40,"column":12},"end":{"line":45,"column":7}},"19":{"start":{"line":41,"column":8},"end":{"line":41,"column":71}},"20":{"start":{"line":42,"column":8},"end":{"line":42,"column":53}},"21":{"start":{"line":43,"column":8},"end":{"line":43,"column":23}},"22":{"start":{"line":44,"column":8},"end":{"line":44,"column":15}},"23":{"start":{"line":46,"column":6},"end":{"line":46,"column":63}},"24":{"start":{"line":47,"column":6},"end":{"line":47,"column":34}},"25":{"start":{"line":48,"column":6},"end":{"line":48,"column":62}},"26":{"start":{"line":49,"column":6},"end":{"line":49,"column":21}},"27":{"start":{"line":50,"column":6},"end":{"line":50,"column":13}},"28":{"start":{"line":52,"column":6},"end":{"line":52,"column":61}},"29":{"start":{"line":53,"column":6},"end":{"line":53,"column":32}},"30":{"start":{"line":54,"column":6},"end":{"line":54,"column":64}},"31":{"start":{"line":55,"column":6},"end":{"line":55,"column":36}},"32":{"start":{"line":56,"column":6},"end":{"line":56,"column":21}},"33":{"start":{"line":57,"column":6},"end":{"line":57,"column":13}},"34":{"start":{"line":61,"column":15},"end":{"line":61,"column":34}},"35":{"start":{"line":63,"column":0},"end":{"line":66,"column":2}},"36":{"start":{"line":64,"column":2},"end":{"line":64,"column":53}},"37":{"start":{"line":65,"column":2},"end":{"line":65,"column":36}},"38":{"start":{"line":68,"column":0},"end":{"line":71,"column":2}},"39":{"start":{"line":69,"column":2},"end":{"line":69,"column":54}},"40":{"start":{"line":70,"column":2},"end":{"line":70,"column":29}}},"fnMap":{"0":{"name":"(anonymous_0)","decl":{"start":{"line":19,"column":30},"end":{"line":19,"column":31}},"loc":{"start":{"line":19,"column":53},"end":{"line":59,"column":1}},"line":19},"1":{"name":"(anonymous_1)","decl":{"start":{"line":26,"column":10},"end":{"line":26,"column":11}},"loc":{"start":{"line":26,"column":21},"end":{"line":51,"column":5}},"line":26},"2":{"name":"(anonymous_2)","decl":{"start":{"line":51,"column":13},"end":{"line":51,"column":14}},"loc":{"start":{"line":51,"column":22},"end":{"line":58,"column":5}},"line":51},"3":{"name":"(anonymous_3)","decl":{"start":{"line":63,"column":15},"end":{"line":63,"column":16}},"loc":{"start":{"line":63,"column":35},"end":{"line":66,"column":1}},"line":63},"4":{"name":"(anonymous_4)","decl":{"start":{"line":68,"column":14},"end":{"line":68,"column":15}},"loc":{"start":{"line":68,"column":28},"end":{"line":71,"column":1}},"line":68}},"branchMap":{"0":{"loc":{"start":{"line":28,"column":6},"end":{"line":45,"column":7}},"type":"if","locations":[{"start":{"line":28,"column":6},"end":{"line":45,"column":7}},{"start":{"line":28,"column":6},"end":{"line":45,"column":7}}],"line":28},"1":{"loc":{"start":{"line":28,"column":9},"end":{"line":28,"column":65}},"type":"binary-expr","locations":[{"start":{"line":28,"column":9},"end":{"line":28,"column":33}},{"start":{"line":28,"column":37},"end":{"line":28,"column":65}}],"line":28},"2":{"loc":{"start":{"line":40,"column":12},"end":{"line":45,"column":7}},"type":"if","locations":[{"start":{"line":40,"column":12},"end":{"line":45,"column":7}},{"start":{"line":40,"column":12},"end":{"line":45,"column":7}}],"line":40},"3":{"loc":{"start":{"line":40,"column":15},"end":{"line":40,"column":74}},"type":"binary-expr","locations":[{"start":{"line":40,"column":15},"end":{"line":40,"column":39}},{"start":{"line":40,"column":43},"end":{"line":40,"column":74}}],"line":40}},"s":{"0":1,"1":1,"2":1,"3":1,"4":1,"5":1,"6":1,"7":0,"8":0,"9":0,"10":0,"11":0,"12":0,"13":0,"14":0,"15":0,"16":0,"17":0,"18":0,"19":0,"20":0,"21":0,"22":0,"23":0,"24":0,"25":0,"26":0,"27":0,"28":0,"29":0,"30":0,"31":0,"32":0,"33":0,"34":1,"35":1,"36":0,"37":0,"38":1,"39":0,"40":0},"f":{"0":0,"1":0,"2":0,"3":0,"4":0},"b":{"0":[0,0],"1":[0,0],"2":[0,0],"3":[0,0]},"_coverageSchema":"332fd63041d2c1bcb487cc26dd0d5f7d97098a6c","hash":"39294ac08465f8e34da3de974c71dff15f300883"}
}
